2024-01-11 09:01:56,675 - INFO - Marka: Toyota
2024-01-11 09:01:56,675 - INFO - Model: Yaris
2024-01-11 09:01:56,675 - INFO - Rocznik: 2023
2024-01-11 09:01:56,675 - INFO - Produkcja: nie
2024-01-11 09:01:56,675 - INFO - Rozpoczecie produkcji Toyota Yaris 2023
2024-01-11 09:01:56,675 - INFO - Marka: Toyota
2024-01-11 09:01:56,675 - INFO - Model: Yaris
2024-01-11 09:01:56,675 - INFO - Rocznik: 2023
2024-01-11 09:01:56,675 - INFO - Produkcja: Tak
2024-01-11 09:01:56,675 - INFO - Zatrzymanie produkcji Toyota Yaris 2023
2024-01-11 09:01:56,678 - INFO - Marka: Toyota
2024-01-11 09:01:56,678 - INFO - Model: Yaris
2024-01-11 09:01:56,678 - INFO - Rocznik: 2023
2024-01-11 09:01:56,678 - INFO - Produkcja: nie
2024-01-11 09:01:56,678 - INFO - Marka: Tesla
2024-01-11 09:01:56,679 - INFO - Model: Model 3
2024-01-11 09:01:56,679 - INFO - Rocznik: 2024
2024-01-11 09:01:56,679 - INFO - Produkcja: nie
2024-01-11 09:01:56,679 - INFO - Pojemnosc baterii: 75KWh
2024-01-11 09:01:56,679 - INFO - Rozpoczecie produkcji Tesla Model 3 2024
2024-01-11 09:01:56,679 - INFO - Marka: Tesla
2024-01-11 09:01:56,679 - INFO - Model: Model 3
2024-01-11 09:01:56,679 - INFO - Rocznik: 2024
2024-01-11 09:01:56,679 - INFO - Produkcja: Tak
2024-01-11 09:01:56,679 - INFO - Pojemnosc baterii: 75KWh
2024-01-11 09:01:56,679 - INFO - Zatrzymanie produkcji Tesla Model 3 2024
2024-01-11 09:01:56,679 - INFO - Marka: Tesla
2024-01-11 09:01:56,679 - INFO - Model: Model 3
2024-01-11 09:01:56,679 - INFO - Rocznik: 2024
2024-01-11 09:01:56,679 - INFO - Produkcja: nie
2024-01-11 09:01:56,679 - INFO - Pojemnosc baterii: 75KWh
2024-01-11 09:03:21,021 - INFO - Marka: Toyota
2024-01-11 09:03:21,021 - INFO - Model: Yaris
2024-01-11 09:03:21,021 - INFO - Rocznik: 2023
2024-01-11 09:03:21,021 - INFO - Produkcja: nie
2024-01-11 09:03:21,021 - INFO - Rozpoczecie produkcji Toyota Yaris 2023
2024-01-11 09:03:21,021 - INFO - Marka: Toyota
2024-01-11 09:03:21,021 - INFO - Model: Yaris
2024-01-11 09:03:21,021 - INFO - Rocznik: 2023
2024-01-11 09:03:21,021 - INFO - Produkcja: Tak
2024-01-11 09:03:21,021 - INFO - Zatrzymanie produkcji Toyota Yaris 2023
2024-01-11 09:03:21,021 - INFO - Marka: Toyota
2024-01-11 09:03:21,021 - INFO - Model: Yaris
2024-01-11 09:03:21,021 - INFO - Rocznik: 2023
2024-01-11 09:03:21,021 - INFO - Produkcja: nie
2024-01-11 09:03:21,021 - INFO - Marka: Tesla
2024-01-11 09:03:21,021 - INFO - Model: Model 3
2024-01-11 09:03:21,021 - INFO - Rocznik: 2024
2024-01-11 09:03:21,021 - INFO - Produkcja: nie
2024-01-11 09:03:21,021 - INFO - Pojemnosc baterii: 75KWh
2024-01-11 09:03:21,021 - INFO - Rozpoczecie produkcji Tesla Model 3 2024
2024-01-11 09:03:21,021 - INFO - Marka: Tesla
2024-01-11 09:03:21,021 - INFO - Model: Model 3
2024-01-11 09:03:21,021 - INFO - Rocznik: 2024
2024-01-11 09:03:21,021 - INFO - Produkcja: Tak
2024-01-11 09:03:21,021 - INFO - Pojemnosc baterii: 75KWh
2024-01-11 09:03:21,021 - INFO - Zatrzymanie produkcji Tesla Model 3 2024
2024-01-11 09:03:21,021 - WARNING - Aktualnie nie jest produkowany
2024-01-11 09:03:21,021 - INFO - Marka: Tesla
2024-01-11 09:03:21,021 - INFO - Model: Model 3
2024-01-11 09:03:21,021 - INFO - Rocznik: 2024
2024-01-11 09:03:21,021 - INFO - Produkcja: nie
2024-01-11 09:03:21,021 - INFO - Pojemnosc baterii: 75KWh
